<?xml version="1.0" encoding="UTF-8"?>
<!-- Generated by org.testng.reporters.JUnitReportReporter -->
<testsuite hostname="LAPTOP-HJ8TEQ68" failures="0" tests="1" name="Test_Classes.Put_TC1" time="1.061" errors="0" timestamp="2023-06-26T21:57:27 IST" skipped="0">
  <testcase classname="Test_Classes.Put_TC1" name="execute" time="1.061"/>
</testsuite> <!-- Test_Classes.Put_TC1 -->
